#
# There is insufficient memory for the Java Runtime Environment to continue.
# Native memory allocation (mmap) failed to map 232783872 bytes for G1 virtual space
# Possible reasons:
#   The system is out of physical RAM or swap space
#   The process is running with CompressedOops enabled, and the Java Heap may be blocking the growth of the native heap
# Possible solutions:
#   Reduce memory load on the system
#   Increase physical memory or swap space
#   Check if swap backing store is full
#   Decrease Java heap size (-Xmx/-Xms)
#   Decrease number of Java threads
#   Decrease Java thread stack sizes (-Xss)
#   Set larger code cache with -XX:ReservedCodeCacheSize=
#   JVM is running with Zero Based Compressed Oops mode in which the Java heap is
#     placed in the first 32GB address space. The Java Heap base address is the
#     maximum limit for the native heap growth. Please use -XX:HeapBaseMinAddress
#     to set the Java Heap base and to place the Java Heap above 32GB virtual address.
# This output file may be truncated or incomplete.
#
#  Out of Memory Error (os_windows.cpp:3760), pid=38724, tid=40752
#
# JRE version:  (17.0.5+1) (build )
# Java VM: OpenJDK 64-Bit Server VM (17.0.5+1-b653.25, mixed mode, sharing, tiered, compressed oops, compressed class ptrs, g1 gc, windows-amd64)
# No core dump will be written. Minidumps are not enabled by default on client versions of Windows
#

---------------  S U M M A R Y ------------

Command Line: git4idea.http.GitAskPassApp Username for 'https://gitee.com': 

Host: AMD Ryzen 7 5800H with Radeon Graphics         , 16 cores, 13G,  Windows 11 , 64 bit Build 22621 (10.0.22621.2506)
Time: Thu Dec 21 16:14:55 2023  Windows 11 , 64 bit Build 22621 (10.0.22621.2506) elapsed time: 0.018449 seconds (0d 0h 0m 0s)

---------------  T H R E A D  ---------------

Current thread (0x000001b44d23cf50):  JavaThread "Unknown thread" [_thread_in_vm, id=40752, stack(0x0000005652b00000,0x0000005652c00000)]

Stack: [0x0000005652b00000,0x0000005652c00000]
Native frames: (J=compiled Java code, j=interpreted, Vv=VM code, C=native code)
V  [jvm.dll+0x6830ca]
V  [jvm.dll+0x83f4c4]
V  [jvm.dll+0x840c6e]
V  [jvm.dll+0x8412d3]
V  [jvm.dll+0x2490b5]
V  [jvm.dll+0x67ff99]
V  [jvm.dll+0x6744aa]
V  [jvm.dll+0x308f2b]
V  [jvm.dll+0x3103e6]
V  [jvm.dll+0x36013e]
V  [jvm.dll+0x36036f]
V  [jvm.dll+0x2df018]
V  [jvm.dll+0x2dff84]
V  [jvm.dll+0x810d91]
V  [jvm.dll+0x36df31]
V  [jvm.dll+0x7f028c]
V  [jvm.dll+0x3f0cbf]
V  [jvm.dll+0x3f2801]
C  [jli.dll+0x526b]
C  [ucrtbase.dll+0x29363]
C  [KERNEL32.DLL+0x1257d]
C  [ntdll.dll+0x5aa58]


---------------  P R O C E S S  ---------------

Threads class SMR info:
_java_thread_list=0x00007ff8ec8d8f98, length=0, elements={
}

Java Threads: ( => current thread )

Other Threads:
  0x000001b44d2a2ba0 GCTaskThread "GC Thread#0" [stack: 0x0000005652c00000,0x0000005652d00000] [id=27404]
  0x000001b44d2b18a0 ConcurrentGCThread "G1 Main Marker" [stack: 0x0000005652d00000,0x0000005652e00000] [id=37236]
  0x000001b44d2b3a60 ConcurrentGCThread "G1 Conc#0" [stack: 0x0000005652e00000,0x0000005652f00000] [id=7800]

[error occurred during error reporting (printing all threads), id 0xc0000005, EXCEPTION_ACCESS_VIOLATION (0xc0000005) at pc=0x00007ff8ec08fbd7]

VM state: not at safepoint (not fully initialized)

VM Mutex/Monitor currently owned by a thread:  ([mutex/lock_event])
[0x000001b44d239730] Heap_lock - owner thread: 0x000001b44d23cf50

Heap address: 0x0000000722400000, size: 3548 MB, Compressed Oops mode: Zero based, Oop shift amount: 3

CDS archive(s) mapped at: [0x0000000000000000-0x0000000000000000-0x0000000000000000), size 0, SharedBaseAddress: 0x0000000800000000, ArchiveRelocationMode: 0.
Narrow klass base: 0x0000000000000000, Narrow klass shift: 0, Narrow klass range: 0x0

GC Precious Log:
<Empty>

Heap:
 garbage-first heap   total 0K, used 0K [0x0000000722400000, 0x0000000800000000)
  region size 2048K, 0 young (0K), 0 survivors (0K)

[error occurred during error reporting (printing heap information), id 0xc0000005, EXCEPTION_ACCESS_VIOLATION (0xc0000005) at pc=0x00007ff8ec47cd59]

GC Heap History (0 events):
No events

Dll operation events (1 events):
Event: 0.012 Loaded shared library E:\DevelopmentTools\IntelliJ IDEA 2022.3.2\jbr\bin\java.dll

Deoptimization events (0 events):
No events

Classes unloaded (0 events):
No events

Classes redefined (0 events):
No events

Internal exceptions (0 events):
No events

VM Operations (0 events):
No events

Events (0 events):
No events


Dynamic libraries:
0x00007ff77c7d0000 - 0x00007ff77c7da000 	E:\DevelopmentTools\IntelliJ IDEA 2022.3.2\jbr\bin\java.exe
0x00007ff951bb0000 - 0x00007ff951dc7000 	C:\WINDOWS\SYSTEM32\ntdll.dll
0x00007ff9505b0000 - 0x00007ff950674000 	C:\WINDOWS\System32\KERNEL32.DLL
0x00007ff94f090000 - 0x00007ff94f436000 	C:\WINDOWS\System32\KERNELBASE.dll
0x00007ff94f530000 - 0x00007ff94f641000 	C:\WINDOWS\System32\ucrtbase.dll
0x00007ff93f0c0000 - 0x00007ff93f0db000 	E:\DevelopmentTools\IntelliJ IDEA 2022.3.2\jbr\bin\VCRUNTIME140.dll
0x00007ff946ce0000 - 0x00007ff946cf7000 	E:\DevelopmentTools\IntelliJ IDEA 2022.3.2\jbr\bin\jli.dll
0x00007ff94fa40000 - 0x00007ff94fbee000 	C:\WINDOWS\System32\USER32.dll
0x00007ff94f830000 - 0x00007ff94f856000 	C:\WINDOWS\System32\win32u.dll
0x00007ff950320000 - 0x00007ff950349000 	C:\WINDOWS\System32\GDI32.dll
0x00007ff93ce00000 - 0x00007ff93d093000 	C:\WINDOWS\WinSxS\amd64_microsoft.windows.common-controls_6595b64144ccf1df_6.0.22621.2506_none_270c5ae97388e100\COMCTL32.dll
0x00007ff94f710000 - 0x00007ff94f828000 	C:\WINDOWS\System32\gdi32full.dll
0x00007ff950490000 - 0x00007ff950537000 	C:\WINDOWS\System32\msvcrt.dll
0x00007ff94f860000 - 0x00007ff94f8fa000 	C:\WINDOWS\System32\msvcp_win.dll
0x00007ff951b30000 - 0x00007ff951b61000 	C:\WINDOWS\System32\IMM32.DLL
0x00007ff940bf0000 - 0x00007ff940bfc000 	E:\DevelopmentTools\IntelliJ IDEA 2022.3.2\jbr\bin\vcruntime140_1.dll
0x00007ff9293c0000 - 0x00007ff92944d000 	E:\DevelopmentTools\IntelliJ IDEA 2022.3.2\jbr\bin\msvcp140.dll
0x00007ff8ebda0000 - 0x00007ff8eca0b000 	E:\DevelopmentTools\IntelliJ IDEA 2022.3.2\jbr\bin\server\jvm.dll
0x00007ff94f980000 - 0x00007ff94fa31000 	C:\WINDOWS\System32\ADVAPI32.dll
0x00007ff950360000 - 0x00007ff950405000 	C:\WINDOWS\System32\sechost.dll
0x00007ff951700000 - 0x00007ff951817000 	C:\WINDOWS\System32\RPCRT4.dll
0x00007ff947110000 - 0x00007ff947144000 	C:\WINDOWS\SYSTEM32\WINMM.dll
0x00007ff9283f0000 - 0x00007ff9283f9000 	C:\WINDOWS\SYSTEM32\WSOCK32.dll
0x00007ff945ba0000 - 0x00007ff945baa000 	C:\WINDOWS\SYSTEM32\VERSION.dll
0x00007ff950410000 - 0x00007ff950481000 	C:\WINDOWS\System32\WS2_32.dll
0x00007ff94dee0000 - 0x00007ff94def8000 	C:\WINDOWS\SYSTEM32\kernel.appcore.dll
0x00007ff94a430000 - 0x00007ff94a43a000 	E:\DevelopmentTools\IntelliJ IDEA 2022.3.2\jbr\bin\jimage.dll
0x00007ff94c500000 - 0x00007ff94c733000 	C:\WINDOWS\SYSTEM32\DBGHELP.DLL
0x00007ff94fe50000 - 0x00007ff9501d9000 	C:\WINDOWS\System32\combase.dll
0x00007ff9518b0000 - 0x00007ff951987000 	C:\WINDOWS\System32\OLEAUT32.dll
0x00007ff941c50000 - 0x00007ff941c82000 	C:\WINDOWS\SYSTEM32\dbgcore.DLL
0x00007ff94f440000 - 0x00007ff94f4ba000 	C:\WINDOWS\System32\bcryptPrimitives.dll
0x00007ff945d10000 - 0x00007ff945d35000 	E:\DevelopmentTools\IntelliJ IDEA 2022.3.2\jbr\bin\java.dll

dbghelp: loaded successfully - version: 4.0.5 - missing functions: none
symbol engine: initialized successfully - sym options: 0x614 - pdb path: .;E:\DevelopmentTools\IntelliJ IDEA 2022.3.2\jbr\bin;C:\WINDOWS\SYSTEM32;C:\WINDOWS\WinSxS\amd64_microsoft.windows.common-controls_6595b64144ccf1df_6.0.22621.2506_none_270c5ae97388e100;E:\DevelopmentTools\IntelliJ IDEA 2022.3.2\jbr\bin\server

VM Arguments:
java_command: git4idea.http.GitAskPassApp Username for 'https://gitee.com': 
java_class_path (initial): E:/DevelopmentTools/IntelliJ IDEA 2022.3.2/plugins/vcs-git/lib/git4idea-rt.jar;E:/DevelopmentTools/IntelliJ IDEA 2022.3.2/lib/externalProcess-rt.jar;E:/DevelopmentTools/IntelliJ IDEA 2022.3.2/lib/app.jar;E:/DevelopmentTools/IntelliJ IDEA 2022.3.2/lib/3rd-party-rt.jar
Launcher Type: SUN_STANDARD

[Global flags]
     intx CICompilerCount                          = 12                                        {product} {ergonomic}
     uint ConcGCThreads                            = 3                                         {product} {ergonomic}
     uint G1ConcRefinementThreads                  = 13                                        {product} {ergonomic}
   size_t G1HeapRegionSize                         = 2097152                                   {product} {ergonomic}
    uintx GCDrainStackTargetSize                   = 64                                        {product} {ergonomic}
   size_t InitialHeapSize                          = 232783872                                 {product} {ergonomic}
   size_t MarkStackSize                            = 4194304                                   {product} {ergonomic}
   size_t MaxHeapSize                              = 3720347648                                {product} {ergonomic}
   size_t MinHeapDeltaBytes                        = 2097152                                   {product} {ergonomic}
   size_t MinHeapSize                              = 8388608                                   {product} {ergonomic}
    uintx NonNMethodCodeHeapSize                   = 7602480                                {pd product} {ergonomic}
    uintx NonProfiledCodeHeapSize                  = 122027880                              {pd product} {ergonomic}
    uintx ProfiledCodeHeapSize                     = 122027880                              {pd product} {ergonomic}
    uintx ReservedCodeCacheSize                    = 251658240                              {pd product} {ergonomic}
     bool SegmentedCodeCache                       = true                                      {product} {ergonomic}
   size_t SoftMaxHeapSize                          = 3720347648                             {manageable} {ergonomic}
     bool UseCompressedClassPointers               = true                           {product lp64_product} {ergonomic}
     bool UseCompressedOops                        = true                           {product lp64_product} {ergonomic}
     bool UseG1GC                                  = true                                      {product} {ergonomic}
     bool UseLargePagesIndividualAllocation        = false                                  {pd product} {ergonomic}

Logging:
Log output configuration:
 #0: stdout all=warning uptime,level,tags
 #1: stderr all=off uptime,level,tags

Environment Variables:
PATH=C:/Program Files/Git/mingw64/libexec/git-core;C:/Program Files/Git/mingw64/libexec/git-core;C:\Program Files\Git\mingw64\bin;C:\Program Files\Git\usr\bin;C:\Users\76713\bin;C:\Program Files\Common Files\Oracle\Java\javapath;E:\Program Files\NVIDIA GPU Computing Toolkit\CUDA\v11.6\bin;E:\Program Files\NVIDIA GPU Computing Toolkit\CUDA\v11.6\libnvvp;C:\Windows\system32;C:\Windows;C:\Windows\System32\Wbem;C:\Windows\System32\WindowsPowerShell\v1.0\;C:\Windows\System32\OpenSSH\;C:\Program Files (x86)\NVIDIA Corporation\PhysX\Common;C:\Program Files\NVIDIA Corporation\NVIDIA NvDLISR;C:\WINDOWS\system32;C:\WINDOWS;C:\WINDOWS\System32\Wbem;C:\WINDOWS\System32\WindowsPowerShell\v1.0\;C:\WINDOWS\System32\OpenSSH\;E:\matlab2022b\bin;E:\Program Files\NVIDIA GPU Computing Toolkit\CUDA\v11.6\lib;E:\Program Files\NVIDIA GPU Computing Toolkit\CUDA\v11.6\include;E:\Program Files\NVIDIA GPU Computing Toolkit\CUDA\v11.6\bin;C:\Program Files\NVIDIA Corporation\Nsight Compute 2022.1.0\;E:\Program Files\NVIDIA GPU Computing Toolkit\CUDA\v11.6\libnvvp;C:\Program Files (x86)\Windows Kits\8.1\Windows Performance Toolkit\;C:\Program Files\Microsoft SQL Server\110\Tools\Binn\;C:\Program Files (x86)\Microsoft SDKs\TypeScript\1.0\;C:\Program Files\Microsoft SQL Server\120\Tools\Binn\;C:\Program Files\Git\cmd;D:\java\apache-maven-3.6.3\bin;E:\develop\mysql-8.2.0-winx64\bin;C:\Users\76713\AppData\Local\Microsoft\WindowsApps;D:\texlive\2020\bin\win32
USERNAME=76713
DISPLAY=:0.0
LC_ALL=en_US.UTF-8
TERM=xterm-256color
TMPDIR=C:\Users\Public\Documents\Wondershare\CreatorTemp
OS=Windows_NT
PROCESSOR_IDENTIFIER=AMD64 Family 25 Model 80 Stepping 0, AuthenticAMD
TMP=C:\Users\76713\AppData\Local\Temp
TEMP=C:\Users\76713\AppData\Local\Temp



---------------  S Y S T E M  ---------------

OS:
 Windows 11 , 64 bit Build 22621 (10.0.22621.2506)
OS uptime: 1 days 20:41 hours
Hyper-V role detected

CPU: total 16 (initial active 16) (16 cores per cpu, 2 threads per core) family 25 model 80 stepping 0 microcode 0x0, cx8, cmov, fxsr, ht, mmx, 3dnowpref, sse, sse2, sse3, ssse3, sse4a, sse4.1, sse4.2, popcnt, lzcnt, tsc, tscinvbit, avx, avx2, aes, erms, clmul, bmi1, bmi2, adx, sha, fma, vzeroupper, clflush, clflushopt, hv

Memory: 4k page, system-wide physical 14188M (1413M free)
TotalPageFile size 39788M (AvailPageFile size 31M)
current process WorkingSet (physical memory assigned to process): 11M, peak: 11M
current process commit charge ("private bytes"): 70M, peak: 292M

vm_info: OpenJDK 64-Bit Server VM (17.0.5+1-b653.25) for windows-amd64 JRE (17.0.5+1-b653.25), built on 2023-01-04 by "builduser" with MS VC++ 16.10 / 16.11 (VS2019)

END.
